TpTrace Verbose: 0 : 39760, 1, 2024/04/22, 16:20:51.065, 10008304196109, datacollector.dll, Version: 17.9.0-release-23627-01
TpTrace Information: 0 : 39760, 1, 2024/04/22, 16:20:51.069, 10008304241101, datacollector.dll, DataCollectorMain.Run: Starting data collector run with args: --port,64431,--parentprocessid,46360,--diag,C:\Users\katia\OneDrive\Рабочий стол\ExamPrepI\IdeaAPITesting\bin\Debug\net6.0\fine-code-coverage\coverage-tool-output\diagnostics.datacollector.24-04-22_16-20-50_89515_5.log,--tracelevel,4
TpTrace Information: 0 : 39760, 1, 2024/04/22, 16:20:51.070, 10008304251763, datacollector.dll, DataCollector: Monitoring parent process with id: '46360'
TpTrace Information: 0 : 39760, 1, 2024/04/22, 16:20:51.079, 10008304337625, datacollector.dll, Trying to connect to server on socket : 127.0.0.1:64431 
TpTrace Verbose: 0 : 39760, 1, 2024/04/22, 16:20:51.089, 10008304439096, datacollector.dll, SocketCommunicationManager : SetupClientAsync : Attempting to connect to the server.
TpTrace Information: 0 : 39760, 1, 2024/04/22, 16:20:51.098, 10008304535081, datacollector.dll, Connected to the server successfully 
TpTrace Information: 0 : 39760, 1, 2024/04/22, 16:20:51.099, 10008304536572, datacollector.dll, Using the buffer size of 16384 bytes
TpTrace Information: 0 : 39760, 1, 2024/04/22, 16:20:51.284, 10008306392707, datacollector.dll, DataCollector: Start Request Processing.
TpTrace Verbose: 0 : 39760, 1, 2024/04/22, 16:20:51.285, 10008306396762, datacollector.dll, SocketCommunicationManager.WaitForServerConnection took: 0 ms, with 90000 ms timeout, and finished with True.
TpTrace Information: 0 : 39760, 1, 2024/04/22, 16:20:51.285, 10008306401069, datacollector.dll, DataCollectionRequestHandler.ProcessRequests: Datacollector received message: (DataCollection.BeforeTestRunStart) -> {"MessageType":"DataCollection.BeforeTestRunStart","Payload":{"SettingsXml":"<RunSettings><RunConfiguration><ResultsDirectory>C:\\Users\\katia\\OneDrive\\Рабочий стол\\ExamPrepI\\IdeaAPITesting\\bin\\Debug\\net6.0\\fine-code-coverage\\coverage-tool-output</ResultsDirectory><TargetPlatform>X64</TargetPlatform><TargetFrameworkVersion>.NETCoreApp,Version=v6.0</TargetFrameworkVersion><DesignMode>False</DesignMode><CollectSourceInformation>False</CollectSourceInformation><TestAdaptersPaths>C:\\Program Files\\dotnet\\sdk\\8.0.200\\Extensions</TestAdaptersPaths></RunConfiguration><LoggerRunSettings><Loggers><Logger friendlyName=\"blame\" enabled=\"True\" /><Logger friendlyName=\"Console\" uri=\"logger://microsoft/TestPlatform/ConsoleLogger/v1\" assemblyQualifiedName=\"Microsoft.VisualStudio.TestPlatform.CommandLine.Internal.ConsoleLogger, vstest.console, Version=15.0.0.0, Culture=neutral, PublicKeyToken=b03f5f7f11d50a3a\" codeBase=\"C:\\Program Files\\dotnet\\sdk\\8.0.200\\vstest.console.dll\" enabled=\"True\" /></Loggers></LoggerRunSettings><DataCollectionRunSettings><DataCollectors><DataCollector friendlyName=\"blame\" enabled=\"True\"><Configuration><ResultsDirectory>C:\\Users\\katia\\OneDrive\\Рабочий стол\\ExamPrepI\\IdeaAPITesting\\bin\\Debug\\net6.0\\fine-code-coverage\\coverage-tool-output</ResultsDirectory></Configuration></DataCollector></DataCollectors></DataCollectionRunSettings></RunSettings>","Sources":["C:\\Users\\katia\\OneDrive\\Рабочий стол\\ExamPrepI\\IdeaAPITesting\\bin\\Debug\\net6.0\\fine-code-coverage\\build-output\\IdeaAPITesting.dll"],"IsTelemetryOptedIn":false}}
TpTrace Verbose: 0 : 39760, 1, 2024/04/22, 16:20:51.345, 10008306995958, datacollector.dll, TestPluginCache: Update extensions started. Skip filter = False
TpTrace Verbose: 0 : 39760, 1, 2024/04/22, 16:20:51.345, 10008307003260, datacollector.dll, TestPluginCache: Using directories for assembly resolution 'C:\Program Files\dotnet\sdk\8.0.200\Extensions'.
TpTrace Verbose: 0 : 39760, 1, 2024/04/22, 16:20:51.345, 10008307004583, datacollector.dll, TestPluginCache: Updated the available extensions to 'C:\Program Files\dotnet\sdk\8.0.200\Extensions\Microsoft.TestPlatform.Extensions.BlameDataCollector.dll,C:\Program Files\dotnet\sdk\8.0.200\Extensions\Microsoft.TestPlatform.Extensions.EventLogCollector.dll'.
TpTrace Verbose: 0 : 39760, 1, 2024/04/22, 16:20:51.353, 10008307077209, datacollector.dll, TestPluginCache.DiscoverTestExtensions: finding test extensions in assemblies ends with: Collector.dll TPluginInfo: Microsoft.VisualStudio.TestPlatform.Common.DataCollector.DataCollectorConfig TExtension: Microsoft.VisualStudio.TestPlatform.ObjectModel.DataCollection.DataCollector
TpTrace Verbose: 0 : 39760, 1, 2024/04/22, 16:20:51.354, 10008307091443, datacollector.dll, TestPluginCache.GetExtensionPaths: Filtered extension paths: C:\Program Files\dotnet\sdk\8.0.200\Extensions\Microsoft.TestPlatform.Extensions.BlameDataCollector.dll
C:\Program Files\dotnet\sdk\8.0.200\Extensions\Microsoft.TestPlatform.Extensions.EventLogCollector.dll
TpTrace Verbose: 0 : 39760, 1, 2024/04/22, 16:20:51.354, 10008307093480, datacollector.dll, TestPluginCache.GetExtensionPaths: Added default extension paths: 
TpTrace Verbose: 0 : 39760, 1, 2024/04/22, 16:20:51.354, 10008307094133, datacollector.dll, TestPluginCache.GetExtensionPaths: Added unfilterableExtensionPaths: 
TpTrace Information: 0 : 39760, 1, 2024/04/22, 16:20:51.355, 10008307101367, datacollector.dll, AssemblyResolver.ctor: Creating AssemblyResolver with searchDirectories C:\Program Files\dotnet\sdk\8.0.200\Extensions,C:\Program Files\dotnet\sdk\8.0.200
TpTrace Verbose: 0 : 39760, 1, 2024/04/22, 16:20:51.357, 10008307115907, datacollector.dll, TestPluginCache.DiscoverTestExtensions: Discovering the extensions using extension path.
TpTrace Verbose: 0 : 39760, 1, 2024/04/22, 16:20:51.357, 10008307119081, datacollector.dll, TestPluginCache.GetExtensionPaths: Filtered extension paths: C:\Program Files\dotnet\sdk\8.0.200\Extensions\Microsoft.TestPlatform.Extensions.BlameDataCollector.dll
C:\Program Files\dotnet\sdk\8.0.200\Extensions\Microsoft.TestPlatform.Extensions.EventLogCollector.dll
TpTrace Verbose: 0 : 39760, 1, 2024/04/22, 16:20:51.357, 10008307119958, datacollector.dll, TestPluginCache.GetExtensionPaths: Added default extension paths: 
TpTrace Verbose: 0 : 39760, 1, 2024/04/22, 16:20:51.357, 10008307120505, datacollector.dll, TestPluginCache.GetExtensionPaths: Added unfilterableExtensionPaths: 
TpTrace Verbose: 0 : 39760, 1, 2024/04/22, 16:20:51.357, 10008307121476, datacollector.dll, TestPluginCache.DiscoverTestExtensions: Discovering the extensions using allExtensionPaths: C:\Program Files\dotnet\sdk\8.0.200\Extensions\Microsoft.TestPlatform.Extensions.BlameDataCollector.dll
C:\Program Files\dotnet\sdk\8.0.200\Extensions\Microsoft.TestPlatform.Extensions.EventLogCollector.dll
TpTrace Information: 0 : 39760, 1, 2024/04/22, 16:20:51.357, 10008307123205, datacollector.dll, AssemblyResolver.AddSearchDirectories: Adding more searchDirectories C:\Program Files\dotnet\sdk\8.0.200\Extensions,C:\Program Files\dotnet\sdk\8.0.200
TpTrace Information: 0 : 39760, 1, 2024/04/22, 16:20:51.357, 10008307124221, datacollector.dll, AssemblyResolver.AddSearchDirectories: Adding more searchDirectories C:\Program Files\dotnet\sdk\8.0.200\Extensions,C:\Program Files\dotnet\sdk\8.0.200
TpTrace Information: 0 : 39760, 1, 2024/04/22, 16:20:51.358, 10008307130017, datacollector.dll, AssemblyResolver.OnResolve: Microsoft.TestPlatform.Extensions.BlameDataCollector: Resolving assembly.
TpTrace Information: 0 : 39760, 1, 2024/04/22, 16:20:51.358, 10008307132005, datacollector.dll, AssemblyResolver.OnResolve: Microsoft.TestPlatform.Extensions.BlameDataCollector: Searching in: 'C:\Program Files\dotnet\sdk\8.0.200\Extensions'.
TpTrace Information: 0 : 39760, 1, 2024/04/22, 16:20:51.367, 10008307221830, datacollector.dll, AssemblyResolver.OnResolve: Microsoft.TestPlatform.Extensions.BlameDataCollector: Loading assembly 'C:\Program Files\dotnet\sdk\8.0.200\Extensions\Microsoft.TestPlatform.Extensions.BlameDataCollector.dll'.
TpTrace Information: 0 : 39760, 1, 2024/04/22, 16:20:51.368, 10008307230628, datacollector.dll, AssemblyResolver.OnResolve: Resolved assembly: Microsoft.TestPlatform.Extensions.BlameDataCollector, from path: C:\Program Files\dotnet\sdk\8.0.200\Extensions\Microsoft.TestPlatform.Extensions.BlameDataCollector.dll
TpTrace Verbose: 0 : 39760, 1, 2024/04/22, 16:20:51.374, 10008307290302, datacollector.dll, MetadataReaderExtensionsHelper: Discovering extensions inside assembly 'Microsoft.TestPlatform.Extensions.BlameDataCollector, Version=15.0.0.0, Culture=neutral, PublicKeyToken=b03f5f7f11d50a3a' file path 'C:\Program Files\dotnet\sdk\8.0.200\Extensions\Microsoft.TestPlatform.Extensions.BlameDataCollector.dll'
TpTrace Error: 0 : 39760, 1, 2024/04/22, 16:20:51.377, 10008307322768, datacollector.dll, The type "Microsoft.TestPlatform.Extensions.BlameDataCollector.BlameCollector" defined in "Microsoft.TestPlatform.Extensions.BlameDataCollector.dll" does not have ExtensionUri attribute.
TpTrace Information: 0 : 39760, 1, 2024/04/22, 16:20:51.381, 10008307357603, datacollector.dll, GetTestExtensionFromType: Register extension with identifier data 'datacollector://microsoft/TestPlatform/Extensions/Blame/v1' and type 'Microsoft.TestPlatform.Extensions.BlameDataCollector.BlameCollector, Microsoft.TestPlatform.Extensions.BlameDataCollector, Version=15.0.0.0, Culture=neutral, PublicKeyToken=b03f5f7f11d50a3a' inside file 'C:\Program Files\dotnet\sdk\8.0.200\Extensions\Microsoft.TestPlatform.Extensions.BlameDataCollector.dll'
TpTrace Information: 0 : 39760, 1, 2024/04/22, 16:20:51.381, 10008307360471, datacollector.dll, AssemblyResolver.OnResolve: Microsoft.TestPlatform.Extensions.EventLogCollector: Resolving assembly.
TpTrace Information: 0 : 39760, 1, 2024/04/22, 16:20:51.381, 10008307361741, datacollector.dll, AssemblyResolver.OnResolve: Microsoft.TestPlatform.Extensions.EventLogCollector: Searching in: 'C:\Program Files\dotnet\sdk\8.0.200\Extensions'.
TpTrace Information: 0 : 39760, 1, 2024/04/22, 16:20:51.382, 10008307367079, datacollector.dll, AssemblyResolver.OnResolve: Microsoft.TestPlatform.Extensions.EventLogCollector: Loading assembly 'C:\Program Files\dotnet\sdk\8.0.200\Extensions\Microsoft.TestPlatform.Extensions.EventLogCollector.dll'.
TpTrace Information: 0 : 39760, 1, 2024/04/22, 16:20:51.382, 10008307374668, datacollector.dll, AssemblyResolver.OnResolve: Resolved assembly: Microsoft.TestPlatform.Extensions.EventLogCollector, from path: C:\Program Files\dotnet\sdk\8.0.200\Extensions\Microsoft.TestPlatform.Extensions.EventLogCollector.dll
TpTrace Verbose: 0 : 39760, 1, 2024/04/22, 16:20:51.383, 10008307376251, datacollector.dll, MetadataReaderExtensionsHelper: Discovering extensions inside assembly 'Microsoft.TestPlatform.Extensions.EventLogCollector, Version=15.0.0.0, Culture=neutral, PublicKeyToken=b03f5f7f11d50a3a' file path 'C:\Program Files\dotnet\sdk\8.0.200\Extensions\Microsoft.TestPlatform.Extensions.EventLogCollector.dll'
TpTrace Error: 0 : 39760, 1, 2024/04/22, 16:20:51.386, 10008307407404, datacollector.dll, The type "Microsoft.TestPlatform.Extensions.EventLogCollector.EventLogDataCollector" defined in "Microsoft.TestPlatform.Extensions.EventLogCollector.dll" does not have ExtensionUri attribute.
TpTrace Information: 0 : 39760, 1, 2024/04/22, 16:20:51.386, 10008307413200, datacollector.dll, GetTestExtensionFromType: Register extension with identifier data 'datacollector://microsoft/EventLog/2.0' and type 'Microsoft.TestPlatform.Extensions.EventLogCollector.EventLogDataCollector, Microsoft.TestPlatform.Extensions.EventLogCollector, Version=15.0.0.0, Culture=neutral, PublicKeyToken=b03f5f7f11d50a3a' inside file 'C:\Program Files\dotnet\sdk\8.0.200\Extensions\Microsoft.TestPlatform.Extensions.EventLogCollector.dll'
TpTrace Verbose: 0 : 39760, 1, 2024/04/22, 16:20:51.387, 10008307416167, datacollector.dll, TestPluginCache: Discovered the extensions using extension path 'C:\Program Files\dotnet\sdk\8.0.200\Extensions\Microsoft.TestPlatform.Extensions.BlameDataCollector.dll,C:\Program Files\dotnet\sdk\8.0.200\Extensions\Microsoft.TestPlatform.Extensions.EventLogCollector.dll'.
TpTrace Verbose: 0 : 39760, 1, 2024/04/22, 16:20:51.387, 10008307416957, datacollector.dll, TestPluginCache: Discoverers are ''.
TpTrace Verbose: 0 : 39760, 1, 2024/04/22, 16:20:51.387, 10008307417385, datacollector.dll, TestPluginCache: Executors are ''.
TpTrace Verbose: 0 : 39760, 1, 2024/04/22, 16:20:51.387, 10008307417745, datacollector.dll, TestPluginCache: Executors2 are ''.
TpTrace Verbose: 0 : 39760, 1, 2024/04/22, 16:20:51.387, 10008307418089, datacollector.dll, TestPluginCache: Setting providers are ''.
TpTrace Verbose: 0 : 39760, 1, 2024/04/22, 16:20:51.387, 10008307418426, datacollector.dll, TestPluginCache: Loggers are ''.
TpTrace Verbose: 0 : 39760, 1, 2024/04/22, 16:20:51.387, 10008307418758, datacollector.dll, TestPluginCache: TestHosts are ''.
TpTrace Verbose: 0 : 39760, 1, 2024/04/22, 16:20:51.387, 10008307420568, datacollector.dll, TestPluginCache: DataCollectors are 'datacollector://microsoft/TestPlatform/Extensions/Blame/v1,datacollector://microsoft/EventLog/2.0'.
TpTrace Information: 0 : 39760, 1, 2024/04/22, 16:20:51.389, 10008307436272, datacollector.dll, TestPluginManager.CreateTestExtension: Attempting to load test extension: Microsoft.TestPlatform.Extensions.BlameDataCollector.BlameCollector
TpTrace Information: 0 : 39760, 1, 2024/04/22, 16:20:51.399, 10008307539472, datacollector.dll, [MonitorPostmortemDump]Monitor enabled: 'False'
TpTrace Verbose: 0 : 39760, 1, 2024/04/22, 16:20:51.400, 10008307551025, datacollector.dll, MulticastDelegateUtilities.SafeInvoke: DataCollectionEvents.SessionStart: Invoking callbacks was skipped because there are no subscribers.
TpTrace Information: 0 : 39760, 1, 2024/04/22, 16:20:51.402, 10008307566986, datacollector.dll, Listening on Endpoint : 127.0.0.1:64433
TpTrace Information: 0 : 39760, 1, 2024/04/22, 16:20:51.413, 10008307685033, datacollector.dll, DataCollectionRequestHandler.ProcessRequests : DataCollection started.
TpTrace Information: 0 : 39760, 1, 2024/04/22, 16:20:51.457, 10008308122410, datacollector.dll, DataCollectionRequestHandler.ProcessRequests: Datacollector received message: (DataCollection.TestHostLaunched) -> {"MessageType":"DataCollection.TestHostLaunched","Payload":{"ProcessId":34272}}
TpTrace Verbose: 0 : 39760, 1, 2024/04/22, 16:20:51.460, 10008308152948, datacollector.dll, MulticastDelegateUtilities.SafeInvoke: DataCollectionEvents.TestHostLaunched: Invoking callback 1/1 for Microsoft.TestPlatform.Extensions.BlameDataCollector.BlameCollector., took 0 ms.
TpTrace Information: 0 : 39760, 9, 2024/04/22, 16:20:51.705, 10008310596448, datacollector.dll, Using the buffer size of 16384 bytes
TpTrace Information: 0 : 39760, 9, 2024/04/22, 16:20:51.705, 10008310598242, datacollector.dll, Accepted Client request and set the flag
TpTrace Verbose: 0 : 39760, 8, 2024/04/22, 16:20:51.705, 10008310597053, datacollector.dll, SocketCommunicationManager.WaitForClientConnection took: 297 ms, with 90000 ms timeout, and finished with True.
TpTrace Information: 0 : 39760, 8, 2024/04/22, 16:20:54.340, 10008336953631, datacollector.dll, DataCollectionTestCaseEventHandler: Test case starting.
TpTrace Information: 0 : 39760, 8, 2024/04/22, 16:20:54.353, 10008337080635, datacollector.dll, BlameCollector.EventsTestCaseStart: Test Case Start
TpTrace Verbose: 0 : 39760, 8, 2024/04/22, 16:20:54.353, 10008337084968, datacollector.dll, MulticastDelegateUtilities.SafeInvoke: DataCollectionEvents.TestCaseStart: Invoking callback 1/1 for Microsoft.TestPlatform.Extensions.BlameDataCollector.BlameCollector., took 0 ms.
TpTrace Information: 0 : 39760, 8, 2024/04/22, 16:20:54.354, 10008337087999, datacollector.dll, DataCollectionTestCaseEventHandler: Test case 'CreateNewIdea_WithCorrectData_ShouldSucceed - a5c3437c-9dd7-3246-5931-abca2c24134d' started.
TpTrace Information: 0 : 39760, 8, 2024/04/22, 16:20:55.409, 10008347641958, datacollector.dll, DataCollectionTestCaseEventHandler: Test case completing.
TpTrace Information: 0 : 39760, 8, 2024/04/22, 16:20:55.413, 10008347681229, datacollector.dll, BlameCollector.EventsTestCaseEnd: Test Case End
TpTrace Verbose: 0 : 39760, 8, 2024/04/22, 16:20:55.419, 10008347736174, datacollector.dll, MulticastDelegateUtilities.SafeInvoke: DataCollectionEvents.TestCaseEnd: Invoking callback 1/1 for Microsoft.TestPlatform.Extensions.BlameDataCollector.BlameCollector., took 5 ms.
TpTrace Information: 0 : 39760, 8, 2024/04/22, 16:20:55.421, 10008347759134, datacollector.dll, DataCollectionTestCaseEventHandler: Test case 'CreateNewIdea_WithCorrectData_ShouldSucceed - a5c3437c-9dd7-3246-5931-abca2c24134d' completed
TpTrace Information: 0 : 39760, 8, 2024/04/22, 16:20:55.434, 10008347887543, datacollector.dll, DataCollectionTestCaseEventHandler: Test case starting.
TpTrace Information: 0 : 39760, 8, 2024/04/22, 16:20:55.434, 10008347894797, datacollector.dll, BlameCollector.EventsTestCaseStart: Test Case Start
TpTrace Verbose: 0 : 39760, 8, 2024/04/22, 16:20:55.435, 10008347895762, datacollector.dll, MulticastDelegateUtilities.SafeInvoke: DataCollectionEvents.TestCaseStart: Invoking callback 1/1 for Microsoft.TestPlatform.Extensions.BlameDataCollector.BlameCollector., took 0 ms.
TpTrace Information: 0 : 39760, 8, 2024/04/22, 16:20:55.435, 10008347897811, datacollector.dll, DataCollectionTestCaseEventHandler: Test case 'GetAllIdeas_SchpuldReturnNotEmptyArray - d081a274-3df8-3be5-42ad-a5acd39d6d8e' started.
TpTrace Information: 0 : 39760, 8, 2024/04/22, 16:20:55.729, 10008350836363, datacollector.dll, DataCollectionTestCaseEventHandler: Test case completing.
TpTrace Information: 0 : 39760, 8, 2024/04/22, 16:20:55.730, 10008350850958, datacollector.dll, BlameCollector.EventsTestCaseEnd: Test Case End
TpTrace Verbose: 0 : 39760, 8, 2024/04/22, 16:20:55.730, 10008350853742, datacollector.dll, MulticastDelegateUtilities.SafeInvoke: DataCollectionEvents.TestCaseEnd: Invoking callback 1/1 for Microsoft.TestPlatform.Extensions.BlameDataCollector.BlameCollector., took 0 ms.
TpTrace Information: 0 : 39760, 8, 2024/04/22, 16:20:55.731, 10008350858802, datacollector.dll, DataCollectionTestCaseEventHandler: Test case 'GetAllIdeas_SchpuldReturnNotEmptyArray - d081a274-3df8-3be5-42ad-a5acd39d6d8e' completed
TpTrace Information: 0 : 39760, 8, 2024/04/22, 16:20:55.732, 10008350874321, datacollector.dll, DataCollectionTestCaseEventHandler: Test case starting.
TpTrace Information: 0 : 39760, 8, 2024/04/22, 16:20:55.734, 10008350888330, datacollector.dll, BlameCollector.EventsTestCaseStart: Test Case Start
TpTrace Verbose: 0 : 39760, 8, 2024/04/22, 16:20:55.734, 10008350891193, datacollector.dll, MulticastDelegateUtilities.SafeInvoke: DataCollectionEvents.TestCaseStart: Invoking callback 1/1 for Microsoft.TestPlatform.Extensions.BlameDataCollector.BlameCollector., took 0 ms.
TpTrace Information: 0 : 39760, 8, 2024/04/22, 16:20:55.734, 10008350894977, datacollector.dll, DataCollectionTestCaseEventHandler: Test case 'EditNewIdea_WithCorrectData_ShouldSucceed - 66ee7859-941a-a68b-516d-40d62e58a71a' started.
TpTrace Information: 0 : 39760, 8, 2024/04/22, 16:20:56.049, 10008354037551, datacollector.dll, DataCollectionTestCaseEventHandler: Test case completing.
TpTrace Information: 0 : 39760, 8, 2024/04/22, 16:20:56.049, 10008354045294, datacollector.dll, BlameCollector.EventsTestCaseEnd: Test Case End
TpTrace Verbose: 0 : 39760, 8, 2024/04/22, 16:20:56.050, 10008354048038, datacollector.dll, MulticastDelegateUtilities.SafeInvoke: DataCollectionEvents.TestCaseEnd: Invoking callback 1/1 for Microsoft.TestPlatform.Extensions.BlameDataCollector.BlameCollector., took 0 ms.
TpTrace Information: 0 : 39760, 8, 2024/04/22, 16:20:56.050, 10008354051242, datacollector.dll, DataCollectionTestCaseEventHandler: Test case 'EditNewIdea_WithCorrectData_ShouldSucceed - 66ee7859-941a-a68b-516d-40d62e58a71a' completed
TpTrace Information: 0 : 39760, 8, 2024/04/22, 16:20:56.051, 10008354061060, datacollector.dll, DataCollectionTestCaseEventHandler: Test case starting.
TpTrace Information: 0 : 39760, 8, 2024/04/22, 16:20:56.052, 10008354066380, datacollector.dll, BlameCollector.EventsTestCaseStart: Test Case Start
TpTrace Verbose: 0 : 39760, 8, 2024/04/22, 16:20:56.052, 10008354067908, datacollector.dll, MulticastDelegateUtilities.SafeInvoke: DataCollectionEvents.TestCaseStart: Invoking callback 1/1 for Microsoft.TestPlatform.Extensions.BlameDataCollector.BlameCollector., took 0 ms.
TpTrace Information: 0 : 39760, 8, 2024/04/22, 16:20:56.052, 10008354069986, datacollector.dll, DataCollectionTestCaseEventHandler: Test case 'DeleteIdea_WithCorrectData_ShouldSucceed - b0aacc6a-ff13-0e4b-9e0c-c036aea7997e' started.
TpTrace Information: 0 : 39760, 8, 2024/04/22, 16:20:56.134, 10008354891788, datacollector.dll, DataCollectionTestCaseEventHandler: Test case completing.
TpTrace Information: 0 : 39760, 8, 2024/04/22, 16:20:56.135, 10008354898716, datacollector.dll, BlameCollector.EventsTestCaseEnd: Test Case End
TpTrace Verbose: 0 : 39760, 8, 2024/04/22, 16:20:56.135, 10008354900542, datacollector.dll, MulticastDelegateUtilities.SafeInvoke: DataCollectionEvents.TestCaseEnd: Invoking callback 1/1 for Microsoft.TestPlatform.Extensions.BlameDataCollector.BlameCollector., took 0 ms.
TpTrace Information: 0 : 39760, 8, 2024/04/22, 16:20:56.136, 10008354913770, datacollector.dll, DataCollectionTestCaseEventHandler: Test case 'DeleteIdea_WithCorrectData_ShouldSucceed - b0aacc6a-ff13-0e4b-9e0c-c036aea7997e' completed
TpTrace Information: 0 : 39760, 8, 2024/04/22, 16:20:56.138, 10008354926018, datacollector.dll, DataCollectionTestCaseEventHandler: Test case starting.
TpTrace Information: 0 : 39760, 8, 2024/04/22, 16:20:56.138, 10008354934119, datacollector.dll, BlameCollector.EventsTestCaseStart: Test Case Start
TpTrace Verbose: 0 : 39760, 8, 2024/04/22, 16:20:56.139, 10008354936409, datacollector.dll, MulticastDelegateUtilities.SafeInvoke: DataCollectionEvents.TestCaseStart: Invoking callback 1/1 for Microsoft.TestPlatform.Extensions.BlameDataCollector.BlameCollector., took 0 ms.
TpTrace Information: 0 : 39760, 8, 2024/04/22, 16:20:56.139, 10008354940328, datacollector.dll, DataCollectionTestCaseEventHandler: Test case 'CreateNewIdea_WithWrongData_ShouldFail - 4d9f6646-9606-bbea-9712-baedc2fbd841' started.
TpTrace Information: 0 : 39760, 8, 2024/04/22, 16:20:56.435, 10008357904434, datacollector.dll, DataCollectionTestCaseEventHandler: Test case completing.
TpTrace Information: 0 : 39760, 8, 2024/04/22, 16:20:56.436, 10008357913437, datacollector.dll, BlameCollector.EventsTestCaseEnd: Test Case End
TpTrace Verbose: 0 : 39760, 8, 2024/04/22, 16:20:56.436, 10008357915486, datacollector.dll, MulticastDelegateUtilities.SafeInvoke: DataCollectionEvents.TestCaseEnd: Invoking callback 1/1 for Microsoft.TestPlatform.Extensions.BlameDataCollector.BlameCollector., took 0 ms.
TpTrace Information: 0 : 39760, 8, 2024/04/22, 16:20:56.437, 10008357919183, datacollector.dll, DataCollectionTestCaseEventHandler: Test case 'CreateNewIdea_WithWrongData_ShouldFail - 4d9f6646-9606-bbea-9712-baedc2fbd841' completed
TpTrace Information: 0 : 39760, 8, 2024/04/22, 16:20:56.438, 10008357933909, datacollector.dll, DataCollectionTestCaseEventHandler: Test case starting.
TpTrace Information: 0 : 39760, 8, 2024/04/22, 16:20:56.439, 10008357938938, datacollector.dll, BlameCollector.EventsTestCaseStart: Test Case Start
TpTrace Verbose: 0 : 39760, 8, 2024/04/22, 16:20:56.439, 10008357940067, datacollector.dll, MulticastDelegateUtilities.SafeInvoke: DataCollectionEvents.TestCaseStart: Invoking callback 1/1 for Microsoft.TestPlatform.Extensions.BlameDataCollector.BlameCollector., took 0 ms.
TpTrace Information: 0 : 39760, 8, 2024/04/22, 16:20:56.439, 10008357942370, datacollector.dll, DataCollectionTestCaseEventHandler: Test case 'EditNewIdea_WithWrongID_ShouldFail - 8253a003-640f-13d1-c863-e8bbd7f4ec2d' started.
TpTrace Information: 0 : 39760, 8, 2024/04/22, 16:20:56.785, 10008361402570, datacollector.dll, DataCollectionTestCaseEventHandler: Test case completing.
TpTrace Information: 0 : 39760, 8, 2024/04/22, 16:20:56.786, 10008361410246, datacollector.dll, BlameCollector.EventsTestCaseEnd: Test Case End
TpTrace Verbose: 0 : 39760, 8, 2024/04/22, 16:20:56.786, 10008361411939, datacollector.dll, MulticastDelegateUtilities.SafeInvoke: DataCollectionEvents.TestCaseEnd: Invoking callback 1/1 for Microsoft.TestPlatform.Extensions.BlameDataCollector.BlameCollector., took 0 ms.
TpTrace Information: 0 : 39760, 8, 2024/04/22, 16:20:56.786, 10008361415273, datacollector.dll, DataCollectionTestCaseEventHandler: Test case 'EditNewIdea_WithWrongID_ShouldFail - 8253a003-640f-13d1-c863-e8bbd7f4ec2d' completed
TpTrace Information: 0 : 39760, 8, 2024/04/22, 16:20:56.788, 10008361426098, datacollector.dll, DataCollectionTestCaseEventHandler: Test case starting.
TpTrace Information: 0 : 39760, 8, 2024/04/22, 16:20:56.788, 10008361431203, datacollector.dll, BlameCollector.EventsTestCaseStart: Test Case Start
TpTrace Verbose: 0 : 39760, 8, 2024/04/22, 16:20:56.788, 10008361432665, datacollector.dll, MulticastDelegateUtilities.SafeInvoke: DataCollectionEvents.TestCaseStart: Invoking callback 1/1 for Microsoft.TestPlatform.Extensions.BlameDataCollector.BlameCollector., took 0 ms.
TpTrace Information: 0 : 39760, 8, 2024/04/22, 16:20:56.788, 10008361434904, datacollector.dll, DataCollectionTestCaseEventHandler: Test case 'DeleteIdea_WithWrongId_ShouldFail - 54e2be44-ff66-0b45-1b6e-f08d8ac6cacf' started.
TpTrace Information: 0 : 39760, 8, 2024/04/22, 16:20:57.143, 10008364980783, datacollector.dll, DataCollectionTestCaseEventHandler: Test case completing.
TpTrace Information: 0 : 39760, 8, 2024/04/22, 16:20:57.144, 10008364988234, datacollector.dll, BlameCollector.EventsTestCaseEnd: Test Case End
TpTrace Verbose: 0 : 39760, 8, 2024/04/22, 16:20:57.144, 10008364990275, datacollector.dll, MulticastDelegateUtilities.SafeInvoke: DataCollectionEvents.TestCaseEnd: Invoking callback 1/1 for Microsoft.TestPlatform.Extensions.BlameDataCollector.BlameCollector., took 0 ms.
TpTrace Information: 0 : 39760, 8, 2024/04/22, 16:20:57.144, 10008364993925, datacollector.dll, DataCollectionTestCaseEventHandler: Test case 'DeleteIdea_WithWrongId_ShouldFail - 54e2be44-ff66-0b45-1b6e-f08d8ac6cacf' completed
TpTrace Information: 0 : 39760, 8, 2024/04/22, 16:20:57.170, 10008365248229, datacollector.dll, DataCollectionTestCaseEventHandler: Test session ended
TpTrace Information: 0 : 39760, 1, 2024/04/22, 16:20:57.217, 10008365723560, datacollector.dll, DataCollectionRequestHandler.ProcessRequests: Datacollector received message: (DataCollection.AfterTestRunEnd) -> {"MessageType":"DataCollection.AfterTestRunEnd","Payload":false}
TpTrace Information: 0 : 39760, 1, 2024/04/22, 16:20:57.218, 10008365734105, datacollector.dll, Blame Collector: Session End
TpTrace Information: 0 : 39760, 1, 2024/04/22, 16:20:57.219, 10008365735662, datacollector.dll, BlameCollector.CollectDumpAndAbortTesthost: Custom path to dump directory was provided via VSTEST_DUMP_PATH. Skipping attachment upload, the caller is responsible for collecting and uploading the dumps themselves.
TpTrace Verbose: 0 : 39760, 1, 2024/04/22, 16:20:57.219, 10008365736631, datacollector.dll, MulticastDelegateUtilities.SafeInvoke: DataCollectionEvents.SessionEnd: Invoking callback 1/1 for Microsoft.TestPlatform.Extensions.BlameDataCollector.BlameCollector., took 0 ms.
TpTrace Information: 0 : 39760, 1, 2024/04/22, 16:20:57.219, 10008365742253, datacollector.dll, DataCollectionManager.CleanupPlugins: CleanupPlugins called
TpTrace Verbose: 0 : 39760, 1, 2024/04/22, 16:20:57.219, 10008365743302, datacollector.dll, DataCollectionManager.CleanupPlugins: Cleaning up 1 plugins
TpTrace Verbose: 0 : 39760, 1, 2024/04/22, 16:20:57.219, 10008365744354, datacollector.dll, dataCollectorInfo.DisposeDataCollector: calling Dispose() on Microsoft.TestPlatform.Extensions.BlameDataCollector.BlameCollector
TpTrace Information: 0 : 39760, 1, 2024/04/22, 16:20:57.219, 10008365745284, datacollector.dll, DataCollectionManager.CleanupPlugins: CleanupPlugins finished
TpTrace Information: 0 : 39760, 1, 2024/04/22, 16:20:57.227, 10008365818244, datacollector.dll, DataCollectionRequestHandler.ProcessRequests : Session End message received from server. Closing the connection.
TpTrace Information: 0 : 39760, 1, 2024/04/22, 16:20:57.227, 10008365825467, datacollector.dll, Closing the connection !
TpTrace Information: 0 : 39760, 1, 2024/04/22, 16:20:57.228, 10008365827175, datacollector.dll, DataCollectionRequestHandler.ProcessRequests : DataCollection completed
TpTrace Information: 0 : 39760, 1, 2024/04/22, 16:20:57.228, 10008365828221, datacollector.dll, Program.Main: exiting datacollector process.
